<?xml version="1.0" encoding="UTF-8"?>
<!-- Generated by org.testng.reporters.JUnitXMLReporter -->
<testsuite hostname="info-HP-340S-G7-Notebook-PC" ignored="0" name="Default test(failed)(failed)(failed)(failed)(failed)(failed)" tests="1" failures="0" timestamp="31 Dec 2020 13:50:55 GMT" time="0.033" errors="0">
  <testcase name="@BeforeMethod setUp" time="0.005" classname="com.ndtv.testCases.weatherReport">
    <failure type="java.lang.NullPointerException">
      <![CDATA[java.lang.NullPointerException
at com.ndtv.BaseClass.BaseClass.initialization(BaseClass.java:44)
at com.ndtv.testCases.weatherReport.setUp(weatherReport.java:22)
... Removed 28 stack frames]]>
    </failure>
  </testcase> <!-- @BeforeMethod setUp -->
  <testcase name="verifyWeatherOnUI" time="0.0" classname="com.ndtv.testCases.weatherReport">
    <skipped/>
  </testcase> <!-- verifyWeatherOnUI -->
</testsuite> <!-- Default test(failed)(failed)(failed)(failed)(failed)(failed) -->
