<?xml version="1.0" encoding="UTF-8"?>
<!-- Generated by org.testng.reporters.JUnitXMLReporter -->
<testsuite hostname="info-HP-340S-G7-Notebook-PC" ignored="0" name="cityName" tests="5" failures="4" timestamp="2021-01-01T01:41:28 IST" time="23.381" errors="0">
  <testcase name="verifyWeatherOnUI" time="20.555" classname="com.ndtv.testCases.weatherReport"/>
  <testcase name="verifyWeatherOnAPI" time="1.425" classname="com.ndtv.testCases.weatherReport">
    <failure type="java.lang.AssertionError" message="Pune is not in the API response expected [true] but found [false]">
      <![CDATA[java.lang.AssertionError: Pune is not in the API response expected [true] but found [false]
at com.ndtv.testCases.weatherReport.verifyWeatherOnAPI(weatherReport.java:61)
at java.util.ArrayList.forEach(ArrayList.java:1259)
... Removed 32 stack frames]]>
    </failure>
  </testcase> <!-- verifyWeatherOnAPI -->
  <testcase name="ComparingAPIAndWebInCelsius" time="0.004" classname="com.ndtv.testCases.weatherReport">
    <failure type="java.lang.NullPointerException">
      <![CDATA[java.lang.NullPointerException
at com.ndtv.comparator.Converter.KelvinToCelsius(Converter.java:11)
at com.ndtv.comparator.Comparator.comparingWebAndAPIInCelsius(Comparator.java:17)
at com.ndtv.testCases.weatherReport.ComparingAPIAndWebInCelsius(weatherReport.java:69)
at java.util.ArrayList.forEach(ArrayList.java:1259)
... Removed 27 stack frames]]>
    </failure>
  </testcase> <!-- ComparingAPIAndWebInCelsius -->
  <testcase name="ComparingAPIAndWebInFahrenheit" time="0.002" classname="com.ndtv.testCases.weatherReport">
    <failure type="java.lang.NullPointerException">
      <![CDATA[java.lang.NullPointerException
at com.ndtv.comparator.Comparator.comparingWebAndAPIInFahrenheit(Comparator.java:43)
at com.ndtv.testCases.weatherReport.ComparingAPIAndWebInFahrenheit(weatherReport.java:77)
at java.util.ArrayList.forEach(ArrayList.java:1259)
... Removed 27 stack frames]]>
    </failure>
  </testcase> <!-- ComparingAPIAndWebInFahrenheit -->
  <testcase name="ComparingAPIAndWebInHumidity" time="0.001" classname="com.ndtv.testCases.weatherReport">
    <failure type="java.lang.NullPointerException">
      <![CDATA[java.lang.NullPointerException
at com.ndtv.comparator.Comparator.comparingWebAndAPIInHumidity(Comparator.java:68)
at com.ndtv.testCases.weatherReport.ComparingAPIAndWebInHumidity(weatherReport.java:85)
at java.util.ArrayList.forEach(ArrayList.java:1259)
... Removed 27 stack frames]]>
    </failure>
  </testcase> <!-- ComparingAPIAndWebInHumidity -->
</testsuite> <!-- cityName -->
