<?xml version="1.0" encoding="UTF-8"?>
<!-- Generated by org.testng.reporters.JUnitXMLReporter -->
<testsuite hostname="info-HP-340S-G7-Notebook-PC" ignored="0" name="Hyderabad" tests="5" failures="0" timestamp="2021-01-01T03:36:26 IST" time="17.778" errors="0">
  <testcase name="verifyWeatherOnUI" time="15.714" classname="com.ndtv.testCases.weatherReport"/>
  <testcase name="verifyWeatherOnAPI" time="1.096" classname="com.ndtv.testCases.weatherReport"/>
  <testcase name="ComparingAPIAndWebInCelsius" time="0.002" classname="com.ndtv.testCases.weatherReport"/>
  <testcase name="ComparingAPIAndWebInFahrenheit" time="0.001" classname="com.ndtv.testCases.weatherReport"/>
  <testcase name="ComparingAPIAndWebInHumidity" time="0.003" classname="com.ndtv.testCases.weatherReport"/>
</testsuite> <!-- Hyderabad -->
