<?xml version="1.0" encoding="UTF-8"?>
<!-- Generated by org.testng.reporters.JUnitXMLReporter -->
<testsuite hostname="info-HP-340S-G7-Notebook-PC" ignored="0" name="Default test(failed)(failed)(failed)(failed)(failed)(failed)(failed)(failed)(failed)(failed)" tests="1" failures="1" timestamp="31 Dec 2020 13:54:16 GMT" time="3.55" errors="0">
  <testcase name="verifyWeatherOnUI" time="0.005" classname="com.ndtv.testCases.weatherReport">
    <failure type="java.lang.NullPointerException">
      <![CDATA[java.lang.NullPointerException
at com.ndtv.testCases.weatherReport.verifyWeatherOnUI(weatherReport.java:33)
... Removed 25 stack frames]]>
    </failure>
  </testcase> <!-- verifyWeatherOnUI -->
</testsuite> <!-- Default test(failed)(failed)(failed)(failed)(failed)(failed)(failed)(failed)(failed)(failed) -->
